<?xml version="1.0" encoding="UTF-8"?>
<!-- Generated by org.testng.reporters.JUnitReportReporter -->
<testsuite hostname="FWS-CHE-LT-2917.local" failures="0" tests="1" name="com.interview.examples.CollectionFrequency" time="0.008" errors="0" timestamp="2022-04-23T16:54:01 IST" skipped="0">
  <testcase classname="com.interview.examples.CollectionFrequency" name="find_alphabets" time="0.008"/>
  <system-out/>
</testsuite> <!-- com.interview.examples.CollectionFrequency -->
