<?xml version="1.0" encoding="UTF-8"?>
<!-- Generated by org.testng.reporters.JUnitReportReporter -->
<testsuite hostname="FWS-CHE-LT-2917.local" failures="0" tests="2" name="com.streams.examples.MergeStreams" time="0.010" errors="0" timestamp="2022-01-19T15:41:37 IST" skipped="0">
  <testcase classname="com.streams.examples.MergeStreams" name="stream_collect" time="0.007"/>
  <system-out/>
  <testcase classname="com.streams.examples.MergeStreams" name="stream_unique" time="0.003"/>
  <system-out/>
</testsuite> <!-- com.streams.examples.MergeStreams -->
