<?xml version="1.0" encoding="UTF-8"?>
<!-- Generated by org.testng.reporters.JUnitReportReporter -->
<testsuite hostname="FWS-CHE-LT-2917.local" failures="0" tests="1" name="com.streams.examples.MapExample" time="0.020" errors="0" timestamp="2022-04-23T12:18:54 IST" skipped="0">
  <testcase classname="com.streams.examples.MapExample" name="stream_map" time="0.020"/>
  <system-out/>
</testsuite> <!-- com.streams.examples.MapExample -->
