<?xml version="1.0" encoding="UTF-8"?>
<!-- Generated by org.testng.reporters.JUnitReportReporter -->
<testsuite hostname="FWS-CHE-LT-2917.local" failures="0" tests="1" name="com.interview.examples.CollectionFrequency" time="0.006" errors="0" timestamp="2022-08-09T17:32:59 IST" skipped="0">
  <testcase classname="com.interview.examples.CollectionFrequency" name="find_alphabets" time="0.006"/>
  <system-out/>
</testsuite> <!-- com.interview.examples.CollectionFrequency -->
