<?xml version="1.0" encoding="UTF-8"?>
<!-- Generated by org.testng.reporters.JUnitReportReporter -->
<testsuite hostname="FWS-CHE-LT-2917.local" failures="0" tests="1" name="com.streams.examples.ArrayListExample" time="0.010" errors="0" timestamp="2022-01-19T01:16:51 IST" skipped="0">
  <testcase classname="com.streams.examples.ArrayListExample" name="stream_foreach" time="0.010"/>
  <system-out/>
</testsuite> <!-- com.streams.examples.ArrayListExample -->
