<?xml version="1.0" encoding="UTF-8"?>
<!-- Generated by org.testng.reporters.JUnitReportReporter -->
<testsuite hostname="FWS-CHE-LT-2917.local" failures="0" tests="1" name="com.interview.examples.StudentCount" time="0.008" errors="0" timestamp="2022-04-24T00:07:14 IST" skipped="0">
  <testcase classname="com.interview.examples.StudentCount" name="find_student_count" time="0.008"/>
  <system-out/>
</testsuite> <!-- com.interview.examples.StudentCount -->
