<?xml version="1.0" encoding="UTF-8"?>
<!-- Generated by org.testng.reporters.JUnitReportReporter -->
<testsuite hostname="FWS-CHE-LT-2917.local" failures="0" tests="1" name="com.highlevel.demo.HighLevel_CalendarTest" time="0.008" errors="0" timestamp="2022-06-29T17:00:05 IST" skipped="0">
  <testcase classname="com.highlevel.demo.HighLevel_CalendarTest" name="calendarTest" time="0.008"/>
  <system-out/>
</testsuite> <!-- com.highlevel.demo.HighLevel_CalendarTest -->
