<?xml version="1.0" encoding="UTF-8"?>
<!-- Generated by org.testng.reporters.JUnitReportReporter -->
<testsuite hostname="FWS-CHE-LT-2917.local" failures="0" tests="3" name="com.selenium.practise1.GreenCartTest" time="0.010" errors="0" timestamp="2022-04-23T12:09:47 IST" skipped="0">
  <testcase classname="com.selenium.practise1.GreenCartTest" name="test3" time="0.008"/>
  <system-out/>
  <testcase classname="com.selenium.practise1.GreenCartTest" name="test1" time="0.001"/>
  <system-out/>
  <testcase classname="com.selenium.practise1.GreenCartTest" name="test2" time="0.001"/>
  <system-out/>
</testsuite> <!-- com.selenium.practise1.GreenCartTest -->
