<?xml version="1.0" encoding="UTF-8"?>
<!-- Generated by org.testng.reporters.JUnitReportReporter -->
<testsuite hostname="FWS-CHE-LT-2917.local" failures="0" tests="1" name="com.highlevel.demo.Utility" time="0.203" errors="0" timestamp="2022-06-28T15:46:48 IST" skipped="0">
  <testcase classname="com.highlevel.demo.Utility" name="generate_user_data" time="0.203"/>
  <system-out/>
</testsuite> <!-- com.highlevel.demo.Utility -->
