<?xml version="1.0" encoding="UTF-8"?>
<!-- Generated by org.testng.reporters.JUnitReportReporter -->
<testsuite hostname="FWS-CHE-LT-2917.local" failures="0" tests="5" name="com.testng.practice.TestNGFactory" time="0.010" errors="0" timestamp="2022-06-23T23:43:58 IST" skipped="0">
  <testcase classname="com.testng.practice.TestNGFactory" name="simpleTest2" time="0.001"/>
  <system-out/>
  <testcase classname="com.testng.practice.TestNGFactory" name="simpleTest5" time="0.001"/>
  <system-out/>
  <testcase classname="com.testng.practice.TestNGFactory" name="simpleTest1" time="0.007"/>
  <system-out/>
  <testcase classname="com.testng.practice.TestNGFactory" name="simpleTest3" time="0.001"/>
  <system-out/>
  <testcase classname="com.testng.practice.TestNGFactory" name="simpleTest4" time="0.000"/>
  <system-out/>
</testsuite> <!-- com.testng.practice.TestNGFactory -->
