<?xml version="1.0" encoding="UTF-8"?>
<!-- Generated by org.testng.reporters.JUnitReportReporter -->
<testsuite hostname="FWS-CHE-LT-2917.local" failures="0" tests="1" name="com.highlevel.demo.HighLevelTest" time="22.276" errors="0" timestamp="2022-06-29T15:33:09 IST" skipped="0">
  <testcase classname="com.highlevel.demo.HighLevelTest" name="Testcase1" time="22.276"/>
  <system-out/>
</testsuite> <!-- com.highlevel.demo.HighLevelTest -->
