<?xml version="1.0" encoding="UTF-8"?>
<!-- Generated by org.testng.reporters.JUnitReportReporter -->
<testsuite hostname="FWS-CHE-LT-2917.local" failures="0" tests="1" name="com.highlevel.test.HighLevel_CalendarTest" time="57.157" errors="0" timestamp="2022-07-07T17:28:20 IST" skipped="0">
  <testcase classname="com.highlevel.test.HighLevel_CalendarTest" name="calendarTest" time="57.157"/>
  <system-out/>
</testsuite> <!-- com.highlevel.test.HighLevel_CalendarTest -->
